2019-01-08-main--INFO -org.springframework.context.support.ClassPathXmlApplicationContext:Refreshing org.springframework.context.support.ClassPathXmlApplicationContext@694f9431: startup date [Tue Jan 08 17:10:10 IST 2019]; root of context hierarchy
2019-01-08-main--INFO -org.springframework.beans.factory.xml.XmlBeanDefinitionReader:Loading XML bean definitions from class path resource [context.xml]
2019-01-08-main--WARN -org.springframework.context.support.ClassPathXmlApplicationContext:Exception encountered during context initialization - cancelling refresh attempt: org.springframework.beans.factory.UnsatisfiedDependencyException: Error creating bean with name 'currentAccountSJDAOImpl': Unsatisfied dependency expressed through field 'jdbcTemplate'; nested exception is org.springframework.beans.factory.NoSuchBeanDefinitionException: No qualifying bean of type 'org.springframework.jdbc.core.JdbcTemplate' available: expected at least 1 bean which qualifies as autowire candidate. Dependency annotations: {@org.springframework.beans.factory.annotation.Autowired(required=true)}
2019-01-08-main--INFO -org.springframework.context.support.ClassPathXmlApplicationContext:Refreshing org.springframework.context.support.ClassPathXmlApplicationContext@694f9431: startup date [Tue Jan 08 17:11:33 IST 2019]; root of context hierarchy
2019-01-08-main--INFO -org.springframework.beans.factory.xml.XmlBeanDefinitionReader:Loading XML bean definitions from class path resource [context.xml]
2019-01-08-main--INFO -org.springframework.jdbc.datasource.DriverManagerDataSource:Loaded JDBC driver: com.mysql.jdbc.Driver
2019-01-08-main--INFO -com.cg.app.account.service.aspect.ValidationAspect:In Deposit method
2019-01-08-main--INFO -org.springframework.context.support.ClassPathXmlApplicationContext:Refreshing org.springframework.context.support.ClassPathXmlApplicationContext@694f9431: startup date [Tue Jan 08 17:21:29 IST 2019]; root of context hierarchy
2019-01-08-main--INFO -org.springframework.beans.factory.xml.XmlBeanDefinitionReader:Loading XML bean definitions from class path resource [context.xml]
2019-01-08-main--INFO -org.springframework.jdbc.datasource.DriverManagerDataSource:Loaded JDBC driver: com.mysql.jdbc.Driver
2019-01-08-main--INFO -com.cg.app.account.service.aspect.ValidationAspect:In Withdraw method
2019-01-08-main--INFO -org.springframework.context.support.ClassPathXmlApplicationContext:Refreshing org.springframework.context.support.ClassPathXmlApplicationContext@694f9431: startup date [Tue Jan 08 17:23:59 IST 2019]; root of context hierarchy
2019-01-08-main--INFO -org.springframework.beans.factory.xml.XmlBeanDefinitionReader:Loading XML bean definitions from class path resource [context.xml]
2019-01-08-main--INFO -org.springframework.jdbc.datasource.DriverManagerDataSource:Loaded JDBC driver: com.mysql.jdbc.Driver
2019-01-08-main--INFO -com.cg.app.account.service.aspect.ValidationAspect:In Withdraw method
2019-01-08-main--INFO -com.cg.app.account.service.aspect.ValidationAspect:In Deposit method
2019-01-08-main--INFO -org.springframework.context.support.ClassPathXmlApplicationContext:Refreshing org.springframework.context.support.ClassPathXmlApplicationContext@694f9431: startup date [Tue Jan 08 17:28:07 IST 2019]; root of context hierarchy
2019-01-08-main--INFO -org.springframework.beans.factory.xml.XmlBeanDefinitionReader:Loading XML bean definitions from class path resource [context.xml]
2019-01-08-main--INFO -org.springframework.jdbc.datasource.DriverManagerDataSource:Loaded JDBC driver: com.mysql.jdbc.Driver
2019-01-08-main--INFO -com.cg.app.account.service.aspect.ValidationAspect:In Deposit method
2019-01-08-main--INFO -org.springframework.context.support.ClassPathXmlApplicationContext:Refreshing org.springframework.context.support.ClassPathXmlApplicationContext@694f9431: startup date [Tue Jan 08 17:29:56 IST 2019]; root of context hierarchy
2019-01-08-main--INFO -org.springframework.beans.factory.xml.XmlBeanDefinitionReader:Loading XML bean definitions from class path resource [context.xml]
2019-01-08-main--INFO -org.springframework.jdbc.datasource.DriverManagerDataSource:Loaded JDBC driver: com.mysql.jdbc.Driver
2019-01-08-main--INFO -com.cg.app.account.service.aspect.ValidationAspect:In Withdraw method
2019-01-08-main--INFO -org.springframework.context.support.ClassPathXmlApplicationContext:Refreshing org.springframework.context.support.ClassPathXmlApplicationContext@694f9431: startup date [Tue Jan 08 17:31:49 IST 2019]; root of context hierarchy
2019-01-08-main--INFO -org.springframework.beans.factory.xml.XmlBeanDefinitionReader:Loading XML bean definitions from class path resource [context.xml]
2019-01-08-main--INFO -org.springframework.jdbc.datasource.DriverManagerDataSource:Loaded JDBC driver: com.mysql.jdbc.Driver
2019-01-08-main--INFO -org.springframework.context.support.ClassPathXmlApplicationContext:Refreshing org.springframework.context.support.ClassPathXmlApplicationContext@694f9431: startup date [Tue Jan 08 17:31:57 IST 2019]; root of context hierarchy
2019-01-08-main--INFO -org.springframework.beans.factory.xml.XmlBeanDefinitionReader:Loading XML bean definitions from class path resource [context.xml]
2019-01-08-main--INFO -org.springframework.jdbc.datasource.DriverManagerDataSource:Loaded JDBC driver: com.mysql.jdbc.Driver
2019-01-08-main--INFO -com.cg.app.account.service.aspect.ValidationAspect:In Deposit method
2019-01-08-main--INFO -com.cg.app.account.service.aspect.ValidationAspect:In Withdraw method
2019-01-08-main--INFO -org.springframework.context.support.ClassPathXmlApplicationContext:Refreshing org.springframework.context.support.ClassPathXmlApplicationContext@694f9431: startup date [Tue Jan 08 17:34:24 IST 2019]; root of context hierarchy
2019-01-08-main--INFO -org.springframework.beans.factory.xml.XmlBeanDefinitionReader:Loading XML bean definitions from class path resource [context.xml]
2019-01-08-main--INFO -org.springframework.jdbc.datasource.DriverManagerDataSource:Loaded JDBC driver: com.mysql.jdbc.Driver
2019-01-08-main--INFO -com.cg.app.account.service.aspect.ValidationAspect:In Withdraw method
2019-01-08-main--INFO -com.cg.app.account.service.aspect.ValidationAspect:Withdraw Success
2019-01-08-main--INFO -org.springframework.context.support.ClassPathXmlApplicationContext:Refreshing org.springframework.context.support.ClassPathXmlApplicationContext@694f9431: startup date [Tue Jan 08 17:40:47 IST 2019]; root of context hierarchy
2019-01-08-main--INFO -org.springframework.beans.factory.xml.XmlBeanDefinitionReader:Loading XML bean definitions from class path resource [context.xml]
2019-01-08-main--INFO -org.springframework.jdbc.datasource.DriverManagerDataSource:Loaded JDBC driver: com.mysql.jdbc.Driver
2019-01-08-main--INFO -com.cg.app.account.service.aspect.ValidationAspect:In Withdraw method
2019-01-08-main--INFO -com.cg.app.account.service.aspect.ValidationAspect:Withdraw Success
2019-01-08-main--INFO -org.springframework.context.support.ClassPathXmlApplicationContext:Refreshing org.springframework.context.support.ClassPathXmlApplicationContext@694f9431: startup date [Tue Jan 08 17:42:13 IST 2019]; root of context hierarchy
2019-01-08-main--INFO -org.springframework.beans.factory.xml.XmlBeanDefinitionReader:Loading XML bean definitions from class path resource [context.xml]
2019-01-08-main--INFO -org.springframework.jdbc.datasource.DriverManagerDataSource:Loaded JDBC driver: com.mysql.jdbc.Driver
2019-01-08-main--INFO -com.cg.app.account.service.aspect.ValidationAspect:In Deposit method
2019-01-08-main--INFO -org.springframework.context.support.ClassPathXmlApplicationContext:Refreshing org.springframework.context.support.ClassPathXmlApplicationContext@694f9431: startup date [Tue Jan 08 17:46:03 IST 2019]; root of context hierarchy
2019-01-08-main--INFO -org.springframework.beans.factory.xml.XmlBeanDefinitionReader:Loading XML bean definitions from class path resource [context.xml]
2019-01-08-main--INFO -org.springframework.jdbc.datasource.DriverManagerDataSource:Loaded JDBC driver: com.mysql.jdbc.Driver
2019-01-08-main--INFO -com.cg.app.account.service.aspect.ValidationAspect:In Withdraw method
2019-01-08-main--INFO -com.cg.app.account.service.aspect.ValidationAspect:Invalid Input or Insufficient Funds!
2019-01-08-main--INFO -org.springframework.context.support.ClassPathXmlApplicationContext:Refreshing org.springframework.context.support.ClassPathXmlApplicationContext@694f9431: startup date [Tue Jan 08 18:34:49 IST 2019]; root of context hierarchy
2019-01-08-main--INFO -org.springframework.beans.factory.xml.XmlBeanDefinitionReader:Loading XML bean definitions from class path resource [context.xml]
2019-01-08-main--INFO -org.springframework.jdbc.datasource.DriverManagerDataSource:Loaded JDBC driver: com.mysql.jdbc.Driver
2019-01-08-main--INFO -com.cg.app.account.service.aspect.ValidationAspect:In Withdraw method
2019-01-08-main--INFO -com.cg.app.account.service.aspect.ValidationAspect:Invalid Input or Insufficient Funds!
2019-01-08-main--INFO -org.springframework.context.support.ClassPathXmlApplicationContext:Refreshing org.springframework.context.support.ClassPathXmlApplicationContext@694f9431: startup date [Tue Jan 08 18:58:25 IST 2019]; root of context hierarchy
2019-01-08-main--INFO -org.springframework.beans.factory.xml.XmlBeanDefinitionReader:Loading XML bean definitions from class path resource [context.xml]
2019-01-08-main--INFO -org.springframework.jdbc.datasource.DriverManagerDataSource:Loaded JDBC driver: com.mysql.jdbc.Driver
2019-01-08-main--INFO -com.cg.app.account.service.aspect.ValidationAspect:In Withdraw method
2019-01-08-main--INFO -com.cg.app.account.service.aspect.ValidationAspect:Invalid Input or Insufficient Funds!
2019-01-08-main--ERROR-com.cg.app.account.service.aspect.ValidationAspect:@AfterThrowing : com.cg.app.exception.InsufficientFundsException: Invalid Input or Insufficient Funds!
2019-01-08-main--INFO -org.springframework.context.support.ClassPathXmlApplicationContext:Refreshing org.springframework.context.support.ClassPathXmlApplicationContext@694f9431: startup date [Tue Jan 08 19:06:52 IST 2019]; root of context hierarchy
2019-01-08-main--INFO -org.springframework.beans.factory.xml.XmlBeanDefinitionReader:Loading XML bean definitions from class path resource [context.xml]
2019-01-08-main--INFO -org.springframework.jdbc.datasource.DriverManagerDataSource:Loaded JDBC driver: com.mysql.jdbc.Driver
2019-01-08-main--INFO -com.cg.app.account.service.aspect.ValidationAspect:In Deposit method
2019-01-08-main--INFO -com.cg.app.account.service.aspect.ValidationAspect:Deposit Success
2019-01-08-main--INFO -com.cg.app.account.service.aspect.ValidationAspect:In Deposit method
2019-01-08-main--INFO -com.cg.app.account.service.aspect.ValidationAspect:Invalid Input Amount!
